Build started 2013/4/22 18:50:03.
     1>Project "D:\Projects\C\XBMC\boxee\boxee-mftvrocks\lib\freetype\builds\win32\vc2010\freetype.vcxproj" on node 2 (build target(s)).
     1>InitializeBuildStatus:
         Touching ".\..\..\..\objs\debug_st\freetype.unsuccessfulbuild".
       ClCompile:
         c:\Program Files (x86)\Microsoft Visual Studio 10.0\VC\bin\CL.exe /c /I..\..\..\include /Zi /nologo /W4 /WX- /Od /Oy- /D _DEBUG /D WIN32 /D _LIB /D _CRT_SECURE_NO_WARNINGS /D FT_DEBUG_LEVEL_ERROR /D FT_DEBUG_LEVEL_TRACE /D FT2_BUILD_LIBRARY /D _VC80_UPGRADE=0x0710 /D _MBCS /Gm- /EHsc /RTC1 /MTd /GS /fp:precise /Za /Zc:wchar_t /Zc:forScope /Fo".\..\..\..\objs\debug_st/" /Fd".\..\..\..\objs\debug_st/vc100.pdb" /Gd /TC /analyze- /errorReport:prompt ..\..\..\src\autofit\autofit.c ..\..\..\src\bdf\bdf.c ..\..\..\src\cff\cff.c ..\..\..\src\base\ftbase.c ..\..\..\src\base\ftbitmap.c ..\..\..\src\cache\ftcache.c ..\..\..\src\base\ftfstype.c ..\..\..\src\base\ftgasp.c ..\..\..\src\base\ftglyph.c ..\..\..\src\gzip\ftgzip.c ..\..\..\src\base\ftinit.c ..\..\..\src\lzw\ftlzw.c ..\..\..\src\base\ftstroke.c ..\..\..\src\base\ftsystem.c ..\..\..\src\smooth\smooth.c ..\..\..\src\base\ftbbox.c ..\..\..\src\base\ftmm.c ..\..\..\src\base\ftpfr.c ..\..\..\src\base\ftsynth.c ..\..\..\src\base\fttype1.c ..\..\..\src\base\ftwinfnt.c ..\..\..\src\pcf\pcf.c ..\..\..\src\pfr\pfr.c ..\..\..\src\psaux\psaux.c ..\..\..\src\pshinter\pshinter.c ..\..\..\src\psnames\psmodule.c ..\..\..\src\raster\raster.c ..\..\..\src\sfnt\sfnt.c ..\..\..\src\truetype\truetype.c ..\..\..\src\type1\type1.c ..\..\..\src\cid\type1cid.c ..\..\..\src\type42\type42.c ..\..\..\src\winfonts\winfnt.c
         autofit.c
     1>D:\Projects\C\XBMC\boxee\boxee-mftvrocks\lib\freetype\include\freetype/config/ftstdlib.h(36): fatal error C1083: Cannot open include file: 'stddef.h': No such file or directory
         bdf.c
     1>D:\Projects\C\XBMC\boxee\boxee-mftvrocks\lib\freetype\include\freetype/config/ftstdlib.h(36): fatal error C1083: Cannot open include file: 'stddef.h': No such file or directory
         cff.c
     1>D:\Projects\C\XBMC\boxee\boxee-mftvrocks\lib\freetype\include\freetype/config/ftstdlib.h(36): fatal error C1083: Cannot open include file: 'stddef.h': No such file or directory
         ftbase.c
     1>D:\Projects\C\XBMC\boxee\boxee-mftvrocks\lib\freetype\include\freetype/config/ftstdlib.h(36): fatal error C1083: Cannot open include file: 'stddef.h': No such file or directory
         ftbitmap.c
     1>D:\Projects\C\XBMC\boxee\boxee-mftvrocks\lib\freetype\include\freetype/config/ftstdlib.h(36): fatal error C1083: Cannot open include file: 'stddef.h': No such file or directory
         ftcache.c
     1>D:\Projects\C\XBMC\boxee\boxee-mftvrocks\lib\freetype\include\freetype/config/ftstdlib.h(36): fatal error C1083: Cannot open include file: 'stddef.h': No such file or directory
         ftfstype.c
     1>D:\Projects\C\XBMC\boxee\boxee-mftvrocks\lib\freetype\include\freetype/config/ftstdlib.h(36): fatal error C1083: Cannot open include file: 'stddef.h': No such file or directory
         ftgasp.c
     1>D:\Projects\C\XBMC\boxee\boxee-mftvrocks\lib\freetype\include\freetype/config/ftstdlib.h(36): fatal error C1083: Cannot open include file: 'stddef.h': No such file or directory
         ftglyph.c
     1>D:\Projects\C\XBMC\boxee\boxee-mftvrocks\lib\freetype\include\freetype/config/ftstdlib.h(36): fatal error C1083: Cannot open include file: 'stddef.h': No such file or directory
         ftgzip.c
     1>D:\Projects\C\XBMC\boxee\boxee-mftvrocks\lib\freetype\include\freetype/config/ftstdlib.h(36): fatal error C1083: Cannot open include file: 'stddef.h': No such file or directory
         ftinit.c
     1>D:\Projects\C\XBMC\boxee\boxee-mftvrocks\lib\freetype\include\freetype/config/ftstdlib.h(36): fatal error C1083: Cannot open include file: 'stddef.h': No such file or directory
         ftlzw.c
     1>D:\Projects\C\XBMC\boxee\boxee-mftvrocks\lib\freetype\include\freetype/config/ftstdlib.h(36): fatal error C1083: Cannot open include file: 'stddef.h': No such file or directory
         ftstroke.c
     1>D:\Projects\C\XBMC\boxee\boxee-mftvrocks\lib\freetype\include\freetype/config/ftstdlib.h(36): fatal error C1083: Cannot open include file: 'stddef.h': No such file or directory
         ftsystem.c
     1>D:\Projects\C\XBMC\boxee\boxee-mftvrocks\lib\freetype\include\freetype/config/ftstdlib.h(36): fatal error C1083: Cannot open include file: 'stddef.h': No such file or directory
         smooth.c
     1>D:\Projects\C\XBMC\boxee\boxee-mftvrocks\lib\freetype\include\freetype/config/ftstdlib.h(36): fatal error C1083: Cannot open include file: 'stddef.h': No such file or directory
         ftbbox.c
     1>D:\Projects\C\XBMC\boxee\boxee-mftvrocks\lib\freetype\include\freetype/config/ftstdlib.h(36): fatal error C1083: Cannot open include file: 'stddef.h': No such file or directory
         ftmm.c
     1>D:\Projects\C\XBMC\boxee\boxee-mftvrocks\lib\freetype\include\freetype/config/ftstdlib.h(36): fatal error C1083: Cannot open include file: 'stddef.h': No such file or directory
         ftpfr.c
     1>D:\Projects\C\XBMC\boxee\boxee-mftvrocks\lib\freetype\include\freetype/config/ftstdlib.h(36): fatal error C1083: Cannot open include file: 'stddef.h': No such file or directory
         ftsynth.c
     1>D:\Projects\C\XBMC\boxee\boxee-mftvrocks\lib\freetype\include\freetype/config/ftstdlib.h(36): fatal error C1083: Cannot open include file: 'stddef.h': No such file or directory
         fttype1.c
     1>D:\Projects\C\XBMC\boxee\boxee-mftvrocks\lib\freetype\include\freetype/config/ftstdlib.h(36): fatal error C1083: Cannot open include file: 'stddef.h': No such file or directory
         Generating Code...
         Compiling...
         ftwinfnt.c
     1>D:\Projects\C\XBMC\boxee\boxee-mftvrocks\lib\freetype\include\freetype/config/ftstdlib.h(36): fatal error C1083: Cannot open include file: 'stddef.h': No such file or directory
         pcf.c
     1>D:\Projects\C\XBMC\boxee\boxee-mftvrocks\lib\freetype\include\freetype/config/ftstdlib.h(36): fatal error C1083: Cannot open include file: 'stddef.h': No such file or directory
         pfr.c
     1>D:\Projects\C\XBMC\boxee\boxee-mftvrocks\lib\freetype\include\freetype/config/ftstdlib.h(36): fatal error C1083: Cannot open include file: 'stddef.h': No such file or directory
         psaux.c
     1>D:\Projects\C\XBMC\boxee\boxee-mftvrocks\lib\freetype\include\freetype/config/ftstdlib.h(36): fatal error C1083: Cannot open include file: 'stddef.h': No such file or directory
         pshinter.c
     1>D:\Projects\C\XBMC\boxee\boxee-mftvrocks\lib\freetype\include\freetype/config/ftstdlib.h(36): fatal error C1083: Cannot open include file: 'stddef.h': No such file or directory
         psmodule.c
     1>D:\Projects\C\XBMC\boxee\boxee-mftvrocks\lib\freetype\include\freetype/config/ftstdlib.h(36): fatal error C1083: Cannot open include file: 'stddef.h': No such file or directory
         raster.c
     1>D:\Projects\C\XBMC\boxee\boxee-mftvrocks\lib\freetype\include\freetype/config/ftstdlib.h(36): fatal error C1083: Cannot open include file: 'stddef.h': No such file or directory
         sfnt.c
     1>D:\Projects\C\XBMC\boxee\boxee-mftvrocks\lib\freetype\include\freetype/config/ftstdlib.h(36): fatal error C1083: Cannot open include file: 'stddef.h': No such file or directory
         truetype.c
     1>D:\Projects\C\XBMC\boxee\boxee-mftvrocks\lib\freetype\include\freetype/config/ftstdlib.h(36): fatal error C1083: Cannot open include file: 'stddef.h': No such file or directory
         type1.c
     1>D:\Projects\C\XBMC\boxee\boxee-mftvrocks\lib\freetype\include\freetype/config/ftstdlib.h(36): fatal error C1083: Cannot open include file: 'stddef.h': No such file or directory
         type1cid.c
     1>D:\Projects\C\XBMC\boxee\boxee-mftvrocks\lib\freetype\include\freetype/config/ftstdlib.h(36): fatal error C1083: Cannot open include file: 'stddef.h': No such file or directory
         type42.c
     1>D:\Projects\C\XBMC\boxee\boxee-mftvrocks\lib\freetype\include\freetype/config/ftstdlib.h(36): fatal error C1083: Cannot open include file: 'stddef.h': No such file or directory
         winfnt.c
     1>D:\Projects\C\XBMC\boxee\boxee-mftvrocks\lib\freetype\include\freetype/config/ftstdlib.h(36): fatal error C1083: Cannot open include file: 'stddef.h': No such file or directory
         Generating Code...
     1>Done Building Project "D:\Projects\C\XBMC\boxee\boxee-mftvrocks\lib\freetype\builds\win32\vc2010\freetype.vcxproj" (build target(s)) -- FAILED.

Build FAILED.

Time Elapsed 00:00:00.79
